  boxdraw.c
c1 : fatal  error C1083: Cannot open source file: '..\..\gnu-efi\lib\boxdraw.c': No such file or directory
  cmdline.c
c1 : fatal  error C1083: Cannot open source file: '..\..\gnu-efi\lib\cmdline.c': No such file or directory
  console.c
c1 : fatal  error C1083: Cannot open source file: '..\..\gnu-efi\lib\console.c': No such file or directory
  crc.c
c1 : fatal  error C1083: Cannot open source file: '..\..\gnu-efi\lib\crc.c': No such file or directory
  data.c
c1 : fatal  error C1083: Cannot open source file: '..\..\gnu-efi\lib\data.c': No such file or directory
  debug.c
c1 : fatal  error C1083: Cannot open source file: '..\..\gnu-efi\lib\debug.c': No such file or directory
  dpath.c
c1 : fatal  error C1083: Cannot open source file: '..\..\gnu-efi\lib\dpath.c': No such file or directory
  error.c
c1 : fatal  error C1083: Cannot open source file: '..\..\gnu-efi\lib\error.c': No such file or directory
  event.c
c1 : fatal  error C1083: Cannot open source file: '..\..\gnu-efi\lib\event.c': No such file or directory
  guid.c
c1 : fatal  error C1083: Cannot open source file: '..\..\gnu-efi\lib\guid.c': No such file or directory
  hand.c
c1 : fatal  error C1083: Cannot open source file: '..\..\gnu-efi\lib\hand.c': No such file or directory
  hw.c
c1 : fatal  error C1083: Cannot open source file: '..\..\gnu-efi\lib\hw.c': No such file or directory
  init.c
c1 : fatal  error C1083: Cannot open source file: '..\..\gnu-efi\lib\init.c': No such file or directory
  lock.c
c1 : fatal  error C1083: Cannot open source file: '..\..\gnu-efi\lib\lock.c': No such file or directory
  misc.c
c1 : fatal  error C1083: Cannot open source file: '..\..\gnu-efi\lib\misc.c': No such file or directory
  print.c
c1 : fatal  error C1083: Cannot open source file: '..\..\gnu-efi\lib\print.c': No such file or directory
  efirtlib.c
c1 : fatal  error C1083: Cannot open source file: '..\..\gnu-efi\lib\runtime\efirtlib.c': No such file or directory
  rtdata.c
c1 : fatal  error C1083: Cannot open source file: '..\..\gnu-efi\lib\runtime\rtdata.c': No such file or directory
  rtlock.c
c1 : fatal  error C1083: Cannot open source file: '..\..\gnu-efi\lib\runtime\rtlock.c': No such file or directory
  rtstr.c
c1 : fatal  error C1083: Cannot open source file: '..\..\gnu-efi\lib\runtime\rtstr.c': No such file or directory
  Generating Code...
  Compiling...
  vm.c
c1 : fatal  error C1083: Cannot open source file: '..\..\gnu-efi\lib\runtime\vm.c': No such file or directory
  smbios.c
c1 : fatal  error C1083: Cannot open source file: '..\..\gnu-efi\lib\smbios.c': No such file or directory
  sread.c
c1 : fatal  error C1083: Cannot open source file: '..\..\gnu-efi\lib\sread.c': No such file or directory
  str.c
c1 : fatal  error C1083: Cannot open source file: '..\..\gnu-efi\lib\str.c': No such file or directory
  initplat.c
c1 : fatal  error C1083: Cannot open source file: '..\..\gnu-efi\lib\x86_64\initplat.c': No such file or directory
  math.c
c1 : fatal  error C1083: Cannot open source file: '..\..\gnu-efi\lib\x86_64\math.c': No such file or directory
  Generating Code...
